2018.08.22 11:03 B C:\Users\redkey\Desktop\Instalar bela\archivos\js\jquery-ui-1.8.16.custom.min.js <-- bluewolf BLUEHOST /public_html/bela/js jquery-ui-1.8.16.custom.min.js
2018.08.22 11:03 B C:\Users\redkey\Desktop\Instalar bela\archivos\js\materialize.js <-- bluewolf BLUEHOST /public_html/bela/js materialize.js
2018.08.22 11:03 B C:\Users\redkey\Desktop\Instalar bela\archivos\js\materialize.min.js <-- bluewolf BLUEHOST /public_html/bela/js materialize.min.js
2018.08.22 11:03 B C:\Users\redkey\Desktop\Instalar bela\archivos\js\materialize2.js <-- bluewolf BLUEHOST /public_html/bela/js materialize2.js
2018.08.22 11:03 B C:\Users\redkey\Desktop\Instalar bela\archivos\js\selec.js <-- bluewolf BLUEHOST /public_html/bela/js selec.js
2019.02.20 10:34 B C:\Users\redkey\Documents\Repositorios\Bela\js\Funciones_CajaP.js --> www.bluewolf.com.mx /public_html/bela/js Funciones_CajaP.js
2019.02.20 10:36 B C:\Users\redkey\Documents\Repositorios\Bela\js\Funciones_CajaP.js --> www.bluewolf.com.mx /public_html/bela/js Funciones_CajaP.js
2019.02.20 10:42 B C:\Users\redkey\Documents\Repositorios\Bela\js\Funciones_CajaP.js --> www.bluewolf.com.mx /public_html/bela/js Funciones_CajaP.js
2019.02.20 10:45 B C:\Users\redkey\Documents\Repositorios\Bela\js\Funciones_CajaP.js --> www.bluewolf.com.mx /public_html/bela/js Funciones_CajaP.js
2019.02.20 10:46 B C:\Users\redkey\Documents\Repositorios\Bela\js\Funciones_CajaP.js --> www.bluewolf.com.mx /public_html/bela/js Funciones_CajaP.js
2019.02.20 10:47 B C:\Users\redkey\Documents\Repositorios\Bela\js\Funciones_CajaP.js --> www.bluewolf.com.mx /public_html/bela/js Funciones_CajaP.js
2019.02.20 10:49 B C:\Users\redkey\Documents\Repositorios\Bela\js\Funciones_CajaP.js --> www.bluewolf.com.mx /public_html/bela/js Funciones_CajaP.js
2019.02.20 10:51 B C:\Users\redkey\Documents\Repositorios\Bela\js\Funciones_CajaP.js --> www.bluewolf.com.mx /public_html/bela/js Funciones_CajaP.js
2019.02.20 10:54 B C:\Users\redkey\Documents\Repositorios\Bela\js\Funciones_CajaP.js --> www.bluewolf.com.mx /public_html/bela/js Funciones_CajaP.js
2019.02.20 10:57 B C:\Users\redkey\Documents\Repositorios\Bela\js\Funciones_CajaP.js --> www.bluewolf.com.mx /public_html/bela/js Funciones_CajaP.js
2019.02.20 10:59 B C:\Users\redkey\Documents\Repositorios\Bela\js\Funciones_CajaP.js --> www.bluewolf.com.mx /public_html/bela/js Funciones_CajaP.js
2019.02.20 11:00 B C:\Users\redkey\Documents\Repositorios\Bela\js\Funciones_CajaP.js --> www.bluewolf.com.mx /public_html/bela/js Funciones_CajaP.js
2019.02.20 11:37 B C:\Users\redkey\Documents\Repositorios\Bela\js\Funciones_CajaP.js --> www.bluewolf.com.mx /public_html/bela/js Funciones_CajaP.js
2019.02.20 12:46 B C:\Users\redkey\Documents\Repositorios\Bela\js\Funciones_CajaP.js --> www.bluewolf.com.mx /public_html/bela/js Funciones_CajaP.js
2019.02.20 12:49 B C:\Users\redkey\Documents\Repositorios\Bela\js\Funciones_CajaP.js --> www.bluewolf.com.mx /public_html/bela/js Funciones_CajaP.js
2019.02.20 12:51 B C:\Users\redkey\Documents\Repositorios\Bela\js\Funciones_CajaP.js --> www.bluewolf.com.mx /public_html/bela/js Funciones_CajaP.js
2019.02.20 12:55 B C:\Users\redkey\Documents\Repositorios\Bela\js\Funciones_CajaP.js --> www.bluewolf.com.mx /public_html/bela/js Funciones_CajaP.js
2019.02.20 12:56 B C:\Users\redkey\Documents\Repositorios\Bela\js\Funciones_CajaP.js --> www.bluewolf.com.mx /public_html/bela/js Funciones_CajaP.js
2019.02.20 12:56 B C:\Users\redkey\Documents\Repositorios\Bela\js\Funciones_CajaP.js --> www.bluewolf.com.mx /public_html/bela/js Funciones_CajaP.js
2019.02.20 13:01 B C:\Users\redkey\Documents\Repositorios\Bela\js\materialize2.js --> www.bluewolf.com.mx /public_html/bela/js materialize2.js
2019.02.20 13:03 B C:\Users\redkey\Documents\Repositorios\Bela\js\materialize2.js --> www.bluewolf.com.mx /public_html/bela/js materialize2.js
2019.02.20 13:26 B C:\Users\redkey\Documents\Repositorios\Bela\js\Funciones_CajaP.js --> www.bluewolf.com.mx /public_html/bela/js Funciones_CajaP.js
2019.02.20 13:28 B C:\Users\redkey\Documents\Repositorios\Bela\js\Funciones_CajaP.js --> www.bluewolf.com.mx /public_html/bela/js Funciones_CajaP.js
2019.02.20 13:31 B C:\Users\redkey\Documents\Repositorios\Bela\js\Funciones_CajaP.js --> www.bluewolf.com.mx /public_html/bela/js Funciones_CajaP.js
2019.02.20 13:32 B C:\Users\redkey\Documents\Repositorios\Bela\js\Funciones_CajaP.js --> www.bluewolf.com.mx /public_html/bela/js Funciones_CajaP.js
