2018.08.22 11:03 B C:\Users\redkey\Desktop\Instalar bela\archivos\alta_fotos.php <-- bluewolf BLUEHOST /public_html/bela alta_fotos.php
2018.08.22 11:03 B C:\Users\redkey\Desktop\Instalar bela\archivos\cajap.php <-- bluewolf BLUEHOST /public_html/bela cajap.php
2018.08.22 11:03 B C:\Users\redkey\Desktop\Instalar bela\archivos\cambia_pass.php <-- bluewolf BLUEHOST /public_html/bela cambia_pass.php
2018.08.22 11:03 B C:\Users\redkey\Desktop\Instalar bela\archivos\captura.php <-- bluewolf BLUEHOST /public_html/bela captura.php
2018.08.22 11:03 B C:\Users\redkey\Desktop\Instalar bela\archivos\captura_surtir.php <-- bluewolf BLUEHOST /public_html/bela captura_surtir.php
2018.08.22 11:03 B C:\Users\redkey\Desktop\Instalar bela\archivos\checar_sesion_admin.php <-- bluewolf BLUEHOST /public_html/bela checar_sesion_admin.php
2018.08.22 11:03 B C:\Users\redkey\Desktop\Instalar bela\archivos\clientes.php <-- bluewolf BLUEHOST /public_html/bela clientes.php
2018.08.22 11:03 B C:\Users\redkey\Desktop\Instalar bela\archivos\colorbox.css <-- bluewolf BLUEHOST /public_html/bela colorbox.css
2018.08.22 11:03 B C:\Users\redkey\Desktop\Instalar bela\archivos\coneccion.php <-- bluewolf BLUEHOST /public_html/bela coneccion.php
2018.08.22 11:04 B C:\Users\redkey\Desktop\Instalar bela\archivos\corte.php <-- bluewolf BLUEHOST /public_html/bela corte.php
2018.08.22 11:04 B C:\Users\redkey\Desktop\Instalar bela\archivos\editar_cliente.php <-- bluewolf BLUEHOST /public_html/bela editar_cliente.php
2018.08.22 11:04 B C:\Users\redkey\Desktop\Instalar bela\archivos\editar_inventario.php <-- bluewolf BLUEHOST /public_html/bela editar_inventario.php
2018.08.22 11:04 B C:\Users\redkey\Desktop\Instalar bela\archivos\editar_producto.php <-- bluewolf BLUEHOST /public_html/bela editar_producto.php
2018.08.22 11:04 B C:\Users\redkey\Desktop\Instalar bela\archivos\editar_proveedor.php <-- bluewolf BLUEHOST /public_html/bela editar_proveedor.php
2018.08.22 11:04 B C:\Users\redkey\Desktop\Instalar bela\archivos\editar_usuario.php <-- bluewolf BLUEHOST /public_html/bela editar_usuario.php
2018.08.22 11:04 B C:\Users\redkey\Desktop\Instalar bela\archivos\elimina_cliente.php <-- bluewolf BLUEHOST /public_html/bela elimina_cliente.php
2018.08.22 11:04 B C:\Users\redkey\Desktop\Instalar bela\archivos\elimina_producto.php <-- bluewolf BLUEHOST /public_html/bela elimina_producto.php
2018.08.22 11:04 B C:\Users\redkey\Desktop\Instalar bela\archivos\elimina_usuario.php <-- bluewolf BLUEHOST /public_html/bela elimina_usuario.php
2018.08.22 11:04 B C:\Users\redkey\Desktop\Instalar bela\archivos\eliminar_proveedor.php <-- bluewolf BLUEHOST /public_html/bela eliminar_proveedor.php
2018.08.22 11:04 B C:\Users\redkey\Desktop\Instalar bela\archivos\error_log <-- bluewolf BLUEHOST /public_html/bela error_log
2018.08.22 11:04 B C:\Users\redkey\Desktop\Instalar bela\archivos\exportar_corte.php <-- bluewolf BLUEHOST /public_html/bela exportar_corte.php
2018.08.22 11:04 B C:\Users\redkey\Desktop\Instalar bela\archivos\exportar_ventas.php <-- bluewolf BLUEHOST /public_html/bela exportar_ventas.php
2018.08.22 11:04 B C:\Users\redkey\Desktop\Instalar bela\archivos\imprimir_abono.php <-- bluewolf BLUEHOST /public_html/bela imprimir_abono.php
2018.08.22 11:04 B C:\Users\redkey\Desktop\Instalar bela\archivos\imprimir_venta.php <-- bluewolf BLUEHOST /public_html/bela imprimir_venta.php
2018.08.22 11:04 B C:\Users\redkey\Desktop\Instalar bela\archivos\index.php <-- bluewolf BLUEHOST /public_html/bela index.php
2018.08.22 11:04 B C:\Users\redkey\Desktop\Instalar bela\archivos\inventario.php <-- bluewolf BLUEHOST /public_html/bela inventario.php
2018.08.22 11:04 B C:\Users\redkey\Desktop\Instalar bela\archivos\LICENSE <-- bluewolf BLUEHOST /public_html/bela LICENSE
2018.08.22 11:04 B C:\Users\redkey\Desktop\Instalar bela\archivos\login.php <-- bluewolf BLUEHOST /public_html/bela login.php
2018.08.22 11:04 B C:\Users\redkey\Desktop\Instalar bela\archivos\logout.php <-- bluewolf BLUEHOST /public_html/bela logout.php
2018.08.22 11:04 B C:\Users\redkey\Desktop\Instalar bela\archivos\materialize.css <-- bluewolf BLUEHOST /public_html/bela materialize.css
2018.08.22 11:04 B C:\Users\redkey\Desktop\Instalar bela\archivos\nuevo_cliente.php <-- bluewolf BLUEHOST /public_html/bela nuevo_cliente.php
2018.08.22 11:04 B C:\Users\redkey\Desktop\Instalar bela\archivos\nuevo_producto.php <-- bluewolf BLUEHOST /public_html/bela nuevo_producto.php
2018.08.22 11:04 B C:\Users\redkey\Desktop\Instalar bela\archivos\nuevo_proveedor.php <-- bluewolf BLUEHOST /public_html/bela nuevo_proveedor.php
2018.08.22 11:04 B C:\Users\redkey\Desktop\Instalar bela\archivos\nuevo_usuario.php <-- bluewolf BLUEHOST /public_html/bela nuevo_usuario.php
2018.08.22 11:04 B C:\Users\redkey\Desktop\Instalar bela\archivos\principal.php <-- bluewolf BLUEHOST /public_html/bela principal.php
2018.08.22 11:04 B C:\Users\redkey\Desktop\Instalar bela\archivos\producto.php <-- bluewolf BLUEHOST /public_html/bela producto.php
2018.08.22 11:04 B C:\Users\redkey\Desktop\Instalar bela\archivos\producto_apartado.php <-- bluewolf BLUEHOST /public_html/bela producto_apartado.php
2018.08.22 11:04 B C:\Users\redkey\Desktop\Instalar bela\archivos\proveedores.php <-- bluewolf BLUEHOST /public_html/bela proveedores.php
2018.08.22 11:04 B C:\Users\redkey\Desktop\Instalar bela\archivos\PuntoVenta.PNG <-- bluewolf BLUEHOST /public_html/bela PuntoVenta.PNG
2018.08.22 11:04 B C:\Users\redkey\Desktop\Instalar bela\archivos\puntoventa.txt <-- bluewolf BLUEHOST /public_html/bela puntoventa.txt
2018.08.22 11:04 B C:\Users\redkey\Desktop\Instalar bela\archivos\puntoventanuevo.txt <-- bluewolf BLUEHOST /public_html/bela puntoventanuevo.txt
2018.08.22 11:04 B C:\Users\redkey\Desktop\Instalar bela\archivos\README.md <-- bluewolf BLUEHOST /public_html/bela README.md
2018.08.22 11:04 B C:\Users\redkey\Desktop\Instalar bela\archivos\reporte_corte.php <-- bluewolf BLUEHOST /public_html/bela reporte_corte.php
2018.08.22 11:04 B C:\Users\redkey\Desktop\Instalar bela\archivos\reporte_venta.php <-- bluewolf BLUEHOST /public_html/bela reporte_venta.php
2018.08.22 11:04 B C:\Users\redkey\Desktop\Instalar bela\archivos\sesionActiva.php <-- bluewolf BLUEHOST /public_html/bela sesionActiva.php
2018.08.22 11:04 B C:\Users\redkey\Desktop\Instalar bela\archivos\SimpleImage.php <-- bluewolf BLUEHOST /public_html/bela SimpleImage.php
2018.08.22 11:04 B C:\Users\redkey\Desktop\Instalar bela\archivos\surtir.php <-- bluewolf BLUEHOST /public_html/bela surtir.php
2018.08.22 11:04 B C:\Users\redkey\Desktop\Instalar bela\archivos\usuarios.php <-- bluewolf BLUEHOST /public_html/bela usuarios.php
2018.08.22 11:04 B C:\Users\redkey\Desktop\Instalar bela\archivos\ver_corte.php <-- bluewolf BLUEHOST /public_html/bela ver_corte.php
2018.08.22 11:04 B C:\Users\redkey\Desktop\Instalar bela\archivos\ver_venta.php <-- bluewolf BLUEHOST /public_html/bela ver_venta.php
2018.09.03 11:07 B C:\Users\redkey\Documents\Repositorios\Bela\cajap.php --> www.bluewolf.com.mx /public_html/bela cajap.php
2018.09.03 11:08 B C:\Users\redkey\Documents\Repositorios\Bela\cajap.php --> www.bluewolf.com.mx /public_html/bela cajap.php
2018.09.03 11:08 B C:\Users\redkey\Documents\Repositorios\Bela\cajap.php --> www.bluewolf.com.mx /public_html/bela cajap.php
2018.09.03 11:09 B C:\Users\redkey\Documents\Repositorios\Bela\cajap.php --> www.bluewolf.com.mx /public_html/bela cajap.php
2018.09.03 11:19 B C:\Users\redkey\Documents\Repositorios\Bela\cajap.php --> www.bluewolf.com.mx /public_html/bela cajap.php
2018.09.03 11:23 B C:\Users\redkey\Documents\Repositorios\Bela\cajap.php --> www.bluewolf.com.mx /public_html/bela cajap.php
2018.09.03 11:24 B C:\Users\redkey\Documents\Repositorios\Bela\cajap.php --> www.bluewolf.com.mx /public_html/bela cajap.php
