2012.06.01 11:45 B C:\proyectos\bolsa\admin\colorbox\jquery.colorbox-min.js --> Chihuahuaemplea.com /demo/colorbox jquery.colorbox-min.js
2012.06.01 11:45 B C:\proyectos\bolsa\admin\colorbox\jquery.colorbox.js --> Chihuahuaemplea.com /demo/colorbox jquery.colorbox.js
2012.07.04 14:53 B C:\proyectos\bolsa\admin\colorbox\jquery.colorbox-min.js --> bluewolfonline.com /public_html/sauzal/colorbox jquery.colorbox-min.js
2012.07.04 14:53 B C:\proyectos\bolsa\admin\colorbox\jquery.colorbox.js --> bluewolfonline.com /public_html/sauzal/colorbox jquery.colorbox.js
2012.07.04 14:53 B C:\proyectos\bolsa\admin\colorbox\WS_FTP.LOG --> bluewolfonline.com /public_html/sauzal/colorbox WS_FTP.LOG
2012.10.09 10:50 B C:\proyectos\PCI\sitio\colorbox\jquery.colorbox-min.js --> www.pciservicios.com /colorbox jquery.colorbox-min.js
2012.10.09 10:50 B C:\proyectos\PCI\sitio\colorbox\jquery.colorbox.js --> www.pciservicios.com /colorbox jquery.colorbox.js
2012.10.09 10:50 B C:\proyectos\PCI\sitio\colorbox\WS_FTP.LOG --> www.pciservicios.com /colorbox WS_FTP.LOG
2012.10.10 19:40 B C:\proyectos\PCI\sitio\colorbox\WS_FTP.LOG --> lacocinaestudio.com /PCI/colorbox WS_FTP.LOG
2012.10.10 19:40 B C:\proyectos\PCI\sitio\colorbox\jquery.colorbox-min.js --> lacocinaestudio.com /PCI/colorbox jquery.colorbox-min.js
2012.10.10 19:40 B C:\proyectos\PCI\sitio\colorbox\jquery.colorbox.js --> lacocinaestudio.com /PCI/colorbox jquery.colorbox.js
2013.01.08 16:39 B C:\myDrive\Google Drive\proyectos\addHR\sitio\colorbox\WS_FTP.LOG <-- beautyroom /colorbox WS_FTP.LOG
2013.01.08 16:41 B C:\myDrive\Google Drive\proyectos\addHR\sitio\colorbox\jquery.colorbox-min.js --> 75.127.85.5 /public_html/demo/colorbox jquery.colorbox-min.js
2013.01.08 16:41 B C:\myDrive\Google Drive\proyectos\addHR\sitio\colorbox\jquery.colorbox.js --> 75.127.85.5 /public_html/demo/colorbox jquery.colorbox.js
2013.01.08 16:41 B C:\myDrive\Google Drive\proyectos\addHR\sitio\colorbox\WS_FTP.LOG --> 75.127.85.5 /public_html/demo/colorbox WS_FTP.LOG
2013.05.02 14:48 B C:\Users\Miguel L\Google Drive\proyectos\addHR\sitio\colorbox\desktop.ini --> www.bluewolf.com.mx /colorbox desktop.ini
2013.05.02 14:48 B C:\Users\Miguel L\Google Drive\proyectos\addHR\sitio\colorbox\jquery.colorbox-min.js --> www.bluewolf.com.mx /colorbox jquery.colorbox-min.js
2013.05.02 14:48 B C:\Users\Miguel L\Google Drive\proyectos\addHR\sitio\colorbox\jquery.colorbox.js --> www.bluewolf.com.mx /colorbox jquery.colorbox.js
2013.05.02 14:48 B C:\Users\Miguel L\Google Drive\proyectos\addHR\sitio\colorbox\WS_FTP.LOG --> www.bluewolf.com.mx /colorbox WS_FTP.LOG
2013.10.17 11:27 B C:\myDrive\Google Drive\proyectos\addHR\sitio\colorbox\jquery.colorbox-min.js --> www.bluewolf.com.mx /colorbox jquery.colorbox-min.js
2013.10.17 11:27 B C:\myDrive\Google Drive\proyectos\addHR\sitio\colorbox\jquery.colorbox.js --> www.bluewolf.com.mx /colorbox jquery.colorbox.js
2013.10.17 11:27 B C:\myDrive\Google Drive\proyectos\addHR\sitio\colorbox\WS_FTP.LOG --> www.bluewolf.com.mx /colorbox WS_FTP.LOG
2014.01.23 12:18 B C:\Documents and Settings\Administrador\Mis documentos\Google Drive\textron\sitio\colorbox\desktop.ini --> tim-pmp.com /www/colorbox desktop.ini
2014.01.23 12:18 B C:\Documents and Settings\Administrador\Mis documentos\Google Drive\textron\sitio\colorbox\jquery.colorbox-min.js --> tim-pmp.com /www/colorbox jquery.colorbox-min.js
2014.01.23 12:18 B C:\Documents and Settings\Administrador\Mis documentos\Google Drive\textron\sitio\colorbox\jquery.colorbox.js --> tim-pmp.com /www/colorbox jquery.colorbox.js
2014.01.23 12:18 B C:\Documents and Settings\Administrador\Mis documentos\Google Drive\textron\sitio\colorbox\WS_FTP.LOG --> tim-pmp.com /www/colorbox WS_FTP.LOG
2014.02.04 10:20 B C:\Documents and Settings\Administrador\Mis documentos\Google Drive\textron\sitio\colorbox\desktop.ini --> bluewolfonline.com /jvm/apache-tomcat-6.0.14/domains/oronaasesores.com/ROOT/colorbox desktop.ini
2014.02.04 10:20 B C:\Documents and Settings\Administrador\Mis documentos\Google Drive\textron\sitio\colorbox\jquery.colorbox-min.js --> bluewolfonline.com /jvm/apache-tomcat-6.0.14/domains/oronaasesores.com/ROOT/colorbox jquery.colorbox-min.js
2014.02.04 10:20 B C:\Documents and Settings\Administrador\Mis documentos\Google Drive\textron\sitio\colorbox\jquery.colorbox.js --> bluewolfonline.com /jvm/apache-tomcat-6.0.14/domains/oronaasesores.com/ROOT/colorbox jquery.colorbox.js
2014.02.04 10:20 B C:\Documents and Settings\Administrador\Mis documentos\Google Drive\textron\sitio\colorbox\WS_FTP.LOG --> bluewolfonline.com /jvm/apache-tomcat-6.0.14/domains/oronaasesores.com/ROOT/colorbox WS_FTP.LOG
2014.03.05 12:12 B C:\myDrive\Google Drive\proyectos\rodher\sitio\colorbox\WS_FTP.LOG --> comercialrodher.com /colorbox WS_FTP.LOG
2014.03.05 12:12 B C:\myDrive\Google Drive\proyectos\rodher\sitio\colorbox\jquery.colorbox.js --> comercialrodher.com /colorbox jquery.colorbox.js
2014.03.05 12:12 B C:\myDrive\Google Drive\proyectos\rodher\sitio\colorbox\jquery.colorbox-min.js --> comercialrodher.com /colorbox jquery.colorbox-min.js
2014.06.26 16:09 B C:\myDrive\Google Drive\proyectos\copachisa\final\colorbox\WS_FTP.LOG <-- copachisa /colorbox WS_FTP.LOG
2014.07.21 12:03 B C:\myDrive\Google Drive\proyectos\bluewolf\bwclima\colorbox\jquery.colorbox-min.js --> www.bluewolf.com.mx /bwclima/colorbox jquery.colorbox-min.js
2014.07.21 12:03 B C:\myDrive\Google Drive\proyectos\bluewolf\bwclima\colorbox\jquery.colorbox.js --> www.bluewolf.com.mx /bwclima/colorbox jquery.colorbox.js
2014.07.21 12:03 B C:\myDrive\Google Drive\proyectos\bluewolf\bwclima\colorbox\WS_FTP.LOG --> www.bluewolf.com.mx /bwclima/colorbox WS_FTP.LOG
2014.07.21 16:56 A C:\Users\YaelMartinez\Google Drive\bwclima\colorbox\desktop.ini --> www.bluewolf.com.mx /bwclima/colorbox desktop.ini
2014.07.21 16:56 A C:\Users\YaelMartinez\Google Drive\bwclima\colorbox\WS_FTP.LOG --> www.bluewolf.com.mx /bwclima/colorbox WS_FTP.LOG
2014.07.22 14:53 B C:\Users\YaelMartinez\Google Drive\bwclima\colorbox\WS_FTP.LOG --> www.bluewolf.com.mx /bwclima/colorbox WS_FTP.LOG
2014.07.22 15:05 B C:\Users\YaelMartinez\Google Drive\bwclima\colorbox\WS_FTP.LOG --> www.bluewolf.com.mx /bwclima/colorbox WS_FTP.LOG
2014.08.26 15:46 B C:\Users\YaelMartinez\Google Drive\productos_varsa\colorbox\WS_FTP.LOG --> bluewolfonline.com /jvm/apache-tomcat-6.0.14/domains/productosvarsa.com/ROOT/colorbox WS_FTP.LOG
2014.08.26 15:46 B C:\Users\YaelMartinez\Google Drive\productos_varsa\colorbox\desktop.ini --> bluewolfonline.com /jvm/apache-tomcat-6.0.14/domains/productosvarsa.com/ROOT/colorbox desktop.ini
2014.08.26 15:46 B C:\Users\YaelMartinez\Google Drive\productos_varsa\colorbox\jquery.colorbox.js --> bluewolfonline.com /jvm/apache-tomcat-6.0.14/domains/productosvarsa.com/ROOT/colorbox jquery.colorbox.js
2014.08.26 15:46 B C:\Users\YaelMartinez\Google Drive\productos_varsa\colorbox\jquery.colorbox-min.js --> bluewolfonline.com /jvm/apache-tomcat-6.0.14/domains/productosvarsa.com/ROOT/colorbox jquery.colorbox-min.js
2014.09.26 16:16 B C:\myDrive\Google Drive\proyectos\productos_varsa\colorbox\desktop.ini --> bluewolfonline.com /public_html/scouts/colorbox desktop.ini
2014.09.26 16:16 B C:\myDrive\Google Drive\proyectos\productos_varsa\colorbox\jquery.colorbox-min.js --> bluewolfonline.com /public_html/scouts/colorbox jquery.colorbox-min.js
2014.09.26 16:16 B C:\myDrive\Google Drive\proyectos\productos_varsa\colorbox\jquery.colorbox.js --> bluewolfonline.com /public_html/scouts/colorbox jquery.colorbox.js
2014.09.26 16:16 B C:\myDrive\Google Drive\proyectos\productos_varsa\colorbox\WS_FTP.LOG --> bluewolfonline.com /public_html/scouts/colorbox WS_FTP.LOG
2015.05.20 18:34 B C:\Users\marioalejandro\Google Drive\proyectos\productos_varsa\colorbox\desktop.ini --> www.mail2mex.com /supermonero/colorbox desktop.ini
2015.05.20 18:34 B C:\Users\marioalejandro\Google Drive\proyectos\productos_varsa\colorbox\jquery.colorbox-min.js --> www.mail2mex.com /supermonero/colorbox jquery.colorbox-min.js
2015.05.20 18:34 B C:\Users\marioalejandro\Google Drive\proyectos\productos_varsa\colorbox\jquery.colorbox.js --> www.mail2mex.com /supermonero/colorbox jquery.colorbox.js
2016.02.27 11:59 B C:\Users\marioalejandro\Google Drive\proyectos\supermonero\supermonero2\colorbox\WS_FTP.LOG <-- mail2mex /supermonero/colorbox WS_FTP.LOG
2016.02.27 13:20 B c:\Users\marioalejandro\Google Drive\proyectos\supermonero\supermonero2\colorbox\desktop.ini --> www.mail2mex.com /monero2/colorbox desktop.ini
2016.02.27 13:20 B c:\Users\marioalejandro\Google Drive\proyectos\supermonero\supermonero2\colorbox\jquery.colorbox-min.js --> www.mail2mex.com /monero2/colorbox jquery.colorbox-min.js
2016.02.27 13:20 B c:\Users\marioalejandro\Google Drive\proyectos\supermonero\supermonero2\colorbox\jquery.colorbox.js --> www.mail2mex.com /monero2/colorbox jquery.colorbox.js
2016.02.27 13:20 B c:\Users\marioalejandro\Google Drive\proyectos\supermonero\supermonero2\colorbox\WS_FTP.LOG --> www.mail2mex.com /monero2/colorbox WS_FTP.LOG
2017.05.27 09:59 B C:\Users\marioalejandro\Google Drive\proyectos\supermonero\supermonero2\colorbox\desktop.ini --> www.mail2mex.com /supermonero/test/colorbox desktop.ini
2017.05.27 09:59 B C:\Users\marioalejandro\Google Drive\proyectos\supermonero\supermonero2\colorbox\WS_FTP.LOG --> www.mail2mex.com /supermonero/test/colorbox WS_FTP.LOG
2017.05.27 09:59 B C:\Users\marioalejandro\Google Drive\proyectos\supermonero\supermonero2\colorbox\jquery.colorbox.js --> www.mail2mex.com /supermonero/test/colorbox jquery.colorbox.js
2017.05.27 09:59 B C:\Users\marioalejandro\Google Drive\proyectos\supermonero\supermonero2\colorbox\jquery.colorbox-min.js --> www.mail2mex.com /supermonero/test/colorbox jquery.colorbox-min.js
2017.07.28 09:31 B C:\Users\redkey\Desktop\bela\colorbox\jquery.colorbox-min.js --> www.bluewolf.com.mx /public_html/bela/colorbox jquery.colorbox-min.js
2017.07.28 09:31 B C:\Users\redkey\Desktop\bela\colorbox\jquery.colorbox.js --> www.bluewolf.com.mx /public_html/bela/colorbox jquery.colorbox.js
2017.07.28 09:31 B C:\Users\redkey\Desktop\bela\colorbox\WS_FTP.LOG --> www.bluewolf.com.mx /public_html/bela/colorbox WS_FTP.LOG
2017.07.28 10:11 B C:\Users\redkey\Desktop\bela\colorbox\desktop.ini <-- mail2mex /supermonero/colorbox desktop.ini
2017.07.28 10:14 B C:\Users\redkey\Desktop\bela\colorbox\desktop.ini --> www.bluewolf.com.mx /public_html/bela/colorbox desktop.ini
2018.08.22 11:03 B C:\Users\redkey\Desktop\Instalar bela\archivos\colorbox\WS_FTP.LOG <-- bluewolf BLUEHOST /public_html/bela/colorbox WS_FTP.LOG
