2019.02.21 12:09 B C:\Users\redkey\Documents\Repositorios\Bela\Reportes\ReporteProductosDetalle.php --> www.bluewolf.com.mx /public_html/bela/Reportes ReporteProductosDetalle.php
2019.02.21 12:16 B C:\Users\redkey\Documents\Repositorios\Bela\Reportes\ReporteProductosDetalle.php --> www.bluewolf.com.mx /public_html/bela/Reportes ReporteProductosDetalle.php
2019.02.21 12:18 B C:\Users\redkey\Documents\Repositorios\Bela\Reportes\ReporteProductosDetalle.php --> www.bluewolf.com.mx /public_html/bela/Reportes ReporteProductosDetalle.php
2019.02.21 12:19 B C:\Users\redkey\Documents\Repositorios\Bela\Reportes\ReporteProductosDetalle.php --> www.bluewolf.com.mx /public_html/bela/Reportes ReporteProductosDetalle.php
2019.02.21 12:19 B C:\Users\redkey\Documents\Repositorios\Bela\Reportes\ReporteProductosDetalle.php --> www.bluewolf.com.mx /public_html/bela/Reportes ReporteProductosDetalle.php
2019.02.21 12:19 B C:\Users\redkey\Documents\Repositorios\Bela\Reportes\ReporteProductosDetalle.php --> www.bluewolf.com.mx /public_html/bela/Reportes ReporteProductosDetalle.php
2019.02.21 12:20 B C:\Users\redkey\Documents\Repositorios\Bela\Reportes\ReporteProductosDetalle.php --> www.bluewolf.com.mx /public_html/bela/Reportes ReporteProductosDetalle.php
2019.02.21 12:21 B C:\Users\redkey\Documents\Repositorios\Bela\Reportes\ReporteProductosDetalle.php --> www.bluewolf.com.mx /public_html/bela/Reportes ReporteProductosDetalle.php
2019.02.21 12:21 B C:\Users\redkey\Documents\Repositorios\Bela\Reportes\ReporteProductosDetalle.php --> www.bluewolf.com.mx /public_html/bela/Reportes ReporteProductosDetalle.php
2019.02.21 12:22 B C:\Users\redkey\Documents\Repositorios\Bela\Reportes\ReporteProductosDetalle.php --> www.bluewolf.com.mx /public_html/bela/Reportes ReporteProductosDetalle.php
2019.02.21 12:37 B C:\Users\redkey\Documents\Repositorios\Bela\Reportes\ReporteProductosDetalle.php --> www.bluewolf.com.mx /public_html/bela/Reportes ReporteProductosDetalle.php
2019.02.21 13:06 B C:\Users\redkey\Documents\Repositorios\Bela\Reportes\ReporteProductosDetalle.php --> www.bluewolf.com.mx /public_html/bela/Reportes ReporteProductosDetalle.php
2019.02.21 13:29 B C:\Users\redkey\Documents\Repositorios\Bela\Reportes\ReporteProductosDetalle.php --> www.bluewolf.com.mx /public_html/bela/Reportes ReporteProductosDetalle.php
2019.02.21 13:30 B C:\Users\redkey\Documents\Repositorios\Bela\Reportes\ReporteProductosDetalle.php --> www.bluewolf.com.mx /public_html/bela/Reportes ReporteProductosDetalle.php
2019.02.21 13:37 B C:\Users\redkey\Documents\Repositorios\Bela\Reportes\ReporteProductosDetalle.php --> www.bluewolf.com.mx /public_html/bela/Reportes ReporteProductosDetalle.php
2019.02.21 13:44 B C:\Users\redkey\Documents\Repositorios\Bela\Reportes\ReporteProductosDetalle.php --> www.bluewolf.com.mx /public_html/bela/Reportes ReporteProductosDetalle.php
2019.02.21 13:45 B C:\Users\redkey\Documents\Repositorios\Bela\Reportes\ReporteProductosDetalle.php --> www.bluewolf.com.mx /public_html/bela/Reportes ReporteProductosDetalle.php
2019.02.21 13:47 B C:\Users\redkey\Documents\Repositorios\Bela\Reportes\ReporteProductosDetalle.php --> www.bluewolf.com.mx /public_html/bela/Reportes ReporteProductosDetalle.php
2019.02.21 14:01 B C:\Users\redkey\Documents\Repositorios\Bela\Reportes\ReporteProductosDetalle.php --> www.bluewolf.com.mx /public_html/bela/Reportes ReporteProductosDetalle.php
2019.02.22 12:40 B C:\Users\redkey\Documents\Repositorios\Bela\Reportes\ReporteProductosDetalle.php --> www.bluewolf.com.mx /public_html/bela/Reportes ReporteProductosDetalle.php
2019.02.22 12:48 B C:\Users\redkey\Documents\Repositorios\Bela\Reportes\ReporteProductosDetalle.php --> www.bluewolf.com.mx /public_html/bela/Reportes ReporteProductosDetalle.php
2019.02.22 12:49 B C:\Users\redkey\Documents\Repositorios\Bela\Reportes\ReporteProductosDetalle.php --> www.bluewolf.com.mx /public_html/bela/Reportes ReporteProductosDetalle.php
2019.02.22 12:50 B C:\Users\redkey\Documents\Repositorios\Bela\Reportes\ReporteProductosDetalle.php --> www.bluewolf.com.mx /public_html/bela/Reportes ReporteProductosDetalle.php
2019.02.22 12:50 B C:\Users\redkey\Documents\Repositorios\Bela\Reportes\ReporteProductosDetalle.php --> www.bluewolf.com.mx /public_html/bela/Reportes ReporteProductosDetalle.php
2019.02.22 12:52 B C:\Users\redkey\Documents\Repositorios\Bela\Reportes\ReporteProductosDetalle.php --> www.bluewolf.com.mx /public_html/bela/Reportes ReporteProductosDetalle.php
2019.02.25 13:26 B C:\Users\redkey\Documents\Repositorios\Bela\Reportes\ReporteProductosDetalle.php --> www.bluewolf.com.mx /public_html/bela/Reportes ReporteProductosDetalle.php
2019.02.25 13:27 B C:\Users\redkey\Documents\Repositorios\Bela\Reportes\ReporteProductosDetalle.php --> www.bluewolf.com.mx /public_html/bela/Reportes ReporteProductosDetalle.php
2019.02.25 13:27 B C:\Users\redkey\Documents\Repositorios\Bela\Reportes\ReporteProductosDetalle.php --> www.bluewolf.com.mx /public_html/bela/Reportes ReporteProductosDetalle.php
2019.02.25 16:02 B C:\Users\redkey\Documents\Repositorios\Bela\Reportes\ReporteProductosDetalle.php --> www.bluewolf.com.mx /public_html/bela/Reportes ReporteProductosDetalle.php
2019.02.25 16:03 B C:\Users\redkey\Documents\Repositorios\Bela\Reportes\ReporteProductosDetalle.php --> www.bluewolf.com.mx /public_html/bela/Reportes ReporteProductosDetalle.php
2019.02.25 16:07 B C:\Users\redkey\Documents\Repositorios\Bela\Reportes\ReporteProductosDetalle.php --> www.bluewolf.com.mx /public_html/bela/Reportes ReporteProductosDetalle.php
2019.02.25 16:10 B C:\Users\redkey\Documents\Repositorios\Bela\Reportes\ReporteProductosDetalle.php --> www.bluewolf.com.mx /public_html/bela/Reportes ReporteProductosDetalle.php
2019.02.25 16:11 B C:\Users\redkey\Documents\Repositorios\Bela\Reportes\ReporteProductosDetalle.php --> www.bluewolf.com.mx /public_html/bela/Reportes ReporteProductosDetalle.php
2019.02.25 16:11 B C:\Users\redkey\Documents\Repositorios\Bela\Reportes\ReporteProductosDetalle.php --> www.bluewolf.com.mx /public_html/bela/Reportes ReporteProductosDetalle.php
2019.02.25 16:50 B C:\Users\redkey\Documents\Repositorios\Bela\Reportes\ConsultasReporteProductoDetalle.php --> www.bluewolf.com.mx /public_html/bela/Reportes ConsultasReporteProductoDetalle.php
2019.02.25 16:51 B C:\Users\redkey\Documents\Repositorios\Bela\Reportes\ReporteProductosDetalle.php --> www.bluewolf.com.mx /public_html/bela/Reportes ReporteProductosDetalle.php
2019.02.25 16:51 B C:\Users\redkey\Documents\Repositorios\Bela\Reportes\ConsultasReporteProductoDetalle.php --> www.bluewolf.com.mx /public_html/bela/Reportes ConsultasReporteProductoDetalle.php
2019.02.25 16:51 B C:\Users\redkey\Documents\Repositorios\Bela\Reportes\ReporteProductosDetalle.php --> www.bluewolf.com.mx /public_html/bela/Reportes ReporteProductosDetalle.php
2019.02.25 16:52 B C:\Users\redkey\Documents\Repositorios\Bela\Reportes\ReporteProductosDetalle.php --> www.bluewolf.com.mx /public_html/bela/Reportes ReporteProductosDetalle.php
2019.02.25 16:53 B C:\Users\redkey\Documents\Repositorios\Bela\Reportes\ReporteProductosDetalle.php --> www.bluewolf.com.mx /public_html/bela/Reportes ReporteProductosDetalle.php
2019.02.25 16:55 B C:\Users\redkey\Documents\Repositorios\Bela\Reportes\ReporteProductosDetalle.php --> www.bluewolf.com.mx /public_html/bela/Reportes ReporteProductosDetalle.php
2019.02.25 16:56 B C:\Users\redkey\Documents\Repositorios\Bela\Reportes\ReporteProductosDetalle.php --> www.bluewolf.com.mx /public_html/bela/Reportes ReporteProductosDetalle.php
2019.02.25 16:56 B C:\Users\redkey\Documents\Repositorios\Bela\Reportes\ReporteProductosDetalle.php --> www.bluewolf.com.mx /public_html/bela/Reportes ReporteProductosDetalle.php
2019.02.25 16:57 B C:\Users\redkey\Documents\Repositorios\Bela\Reportes\ReporteProductosDetalle.php --> www.bluewolf.com.mx /public_html/bela/Reportes ReporteProductosDetalle.php
2019.02.25 16:57 B C:\Users\redkey\Documents\Repositorios\Bela\Reportes\ReporteProductosDetalle.php --> www.bluewolf.com.mx /public_html/bela/Reportes ReporteProductosDetalle.php
2019.02.25 16:58 B C:\Users\redkey\Documents\Repositorios\Bela\Reportes\ReporteProductosDetalle.php --> www.bluewolf.com.mx /public_html/bela/Reportes ReporteProductosDetalle.php
2019.02.25 16:59 B C:\Users\redkey\Documents\Repositorios\Bela\Reportes\ReporteProductosDetalle.php --> www.bluewolf.com.mx /public_html/bela/Reportes ReporteProductosDetalle.php
2019.02.25 17:00 B C:\Users\redkey\Documents\Repositorios\Bela\Reportes\ReporteProductosDetalle.php --> www.bluewolf.com.mx /public_html/bela/Reportes ReporteProductosDetalle.php
2019.02.25 17:00 B C:\Users\redkey\Documents\Repositorios\Bela\Reportes\ReporteProductosDetalle.php --> www.bluewolf.com.mx /public_html/bela/Reportes ReporteProductosDetalle.php
2019.02.25 17:01 B C:\Users\redkey\Documents\Repositorios\Bela\Reportes\ReporteProductosDetalle.php --> www.bluewolf.com.mx /public_html/bela/Reportes ReporteProductosDetalle.php
2019.02.25 17:01 B C:\Users\redkey\Documents\Repositorios\Bela\Reportes\ReporteProductosDetalle.php --> www.bluewolf.com.mx /public_html/bela/Reportes ReporteProductosDetalle.php
2019.02.25 17:03 B C:\Users\redkey\Documents\Repositorios\Bela\Reportes\ConsultasReporteProductoDetalle.php --> www.bluewolf.com.mx /public_html/bela/Reportes ConsultasReporteProductoDetalle.php
2019.02.25 17:03 B C:\Users\redkey\Documents\Repositorios\Bela\Reportes\ReporteProductosDetalle.php --> www.bluewolf.com.mx /public_html/bela/Reportes ReporteProductosDetalle.php
2019.02.25 17:04 B C:\Users\redkey\Documents\Repositorios\Bela\Reportes\ConsultasReporteProductoDetalle.php --> www.bluewolf.com.mx /public_html/bela/Reportes ConsultasReporteProductoDetalle.php
2019.02.25 17:04 B C:\Users\redkey\Documents\Repositorios\Bela\Reportes\ReporteProductosDetalle.php --> www.bluewolf.com.mx /public_html/bela/Reportes ReporteProductosDetalle.php
2019.02.25 17:04 B C:\Users\redkey\Documents\Repositorios\Bela\Reportes\ConsultasReporteProductoDetalle.php --> www.bluewolf.com.mx /public_html/bela/Reportes ConsultasReporteProductoDetalle.php
2019.02.25 17:04 B C:\Users\redkey\Documents\Repositorios\Bela\Reportes\ReporteProductosDetalle.php --> www.bluewolf.com.mx /public_html/bela/Reportes ReporteProductosDetalle.php
2019.02.25 17:05 B C:\Users\redkey\Documents\Repositorios\Bela\Reportes\ReporteProductosDetalle.php --> www.bluewolf.com.mx /public_html/bela/Reportes ReporteProductosDetalle.php
2019.02.25 17:07 B C:\Users\redkey\Documents\Repositorios\Bela\Reportes\ReporteProductosDetalle.php --> www.bluewolf.com.mx /public_html/bela/Reportes ReporteProductosDetalle.php
2019.02.25 17:08 B C:\Users\redkey\Documents\Repositorios\Bela\Reportes\ConsultasReporteProductoDetalle.php --> www.bluewolf.com.mx /public_html/bela/Reportes ConsultasReporteProductoDetalle.php
2019.02.25 17:08 B C:\Users\redkey\Documents\Repositorios\Bela\Reportes\ReporteProductosDetalle.php --> www.bluewolf.com.mx /public_html/bela/Reportes ReporteProductosDetalle.php
2019.02.25 17:09 B C:\Users\redkey\Documents\Repositorios\Bela\Reportes\ReporteProductosDetalle.php --> www.bluewolf.com.mx /public_html/bela/Reportes ReporteProductosDetalle.php
2019.02.25 17:09 B C:\Users\redkey\Documents\Repositorios\Bela\Reportes\ReporteProductosDetalle.php --> www.bluewolf.com.mx /public_html/bela/Reportes ReporteProductosDetalle.php
2019.02.25 17:10 B C:\Users\redkey\Documents\Repositorios\Bela\Reportes\ConsultasReporteProductoDetalle.php --> www.bluewolf.com.mx /public_html/bela/Reportes ConsultasReporteProductoDetalle.php
2019.02.25 17:10 B C:\Users\redkey\Documents\Repositorios\Bela\Reportes\ConsultasReporteProductoDetalle.php --> www.bluewolf.com.mx /public_html/bela/Reportes ConsultasReporteProductoDetalle.php
2019.02.25 17:10 B C:\Users\redkey\Documents\Repositorios\Bela\Reportes\ReporteProductosDetalle.php --> www.bluewolf.com.mx /public_html/bela/Reportes ReporteProductosDetalle.php
2019.02.25 17:11 B C:\Users\redkey\Documents\Repositorios\Bela\Reportes\ReporteProductosDetalle.php --> www.bluewolf.com.mx /public_html/bela/Reportes ReporteProductosDetalle.php
2019.02.26 10:38 B C:\Users\redkey\Documents\Repositorios\Bela\Reportes\ConsultasReporteProductoDetalle.php --> www.bluewolf.com.mx /public_html/bela/Reportes ConsultasReporteProductoDetalle.php
2019.02.26 10:38 B C:\Users\redkey\Documents\Repositorios\Bela\Reportes\ReporteProductosDetalle.php --> www.bluewolf.com.mx /public_html/bela/Reportes ReporteProductosDetalle.php
2019.02.26 10:39 B C:\Users\redkey\Documents\Repositorios\Bela\Reportes\ConsultasReporteProductoDetalle.php --> www.bluewolf.com.mx /public_html/bela/Reportes ConsultasReporteProductoDetalle.php
2019.02.26 10:40 B C:\Users\redkey\Documents\Repositorios\Bela\Reportes\ReporteProductosDetalle.php --> www.bluewolf.com.mx /public_html/bela/Reportes ReporteProductosDetalle.php
2019.02.26 10:42 B C:\Users\redkey\Documents\Repositorios\Bela\Reportes\ConsultasReporteProductoDetalle.php --> www.bluewolf.com.mx /public_html/bela/Reportes ConsultasReporteProductoDetalle.php
2019.02.26 10:42 B C:\Users\redkey\Documents\Repositorios\Bela\Reportes\ReporteProductosDetalle.php --> www.bluewolf.com.mx /public_html/bela/Reportes ReporteProductosDetalle.php
2019.02.26 10:43 B C:\Users\redkey\Documents\Repositorios\Bela\Reportes\ConsultasReporteProductoDetalle.php --> www.bluewolf.com.mx /public_html/bela/Reportes ConsultasReporteProductoDetalle.php
2019.02.26 10:43 B C:\Users\redkey\Documents\Repositorios\Bela\Reportes\ReporteProductosDetalle.php --> www.bluewolf.com.mx /public_html/bela/Reportes ReporteProductosDetalle.php
2019.02.26 10:44 B C:\Users\redkey\Documents\Repositorios\Bela\Reportes\ConsultasReporteProductoDetalle.php --> www.bluewolf.com.mx /public_html/bela/Reportes ConsultasReporteProductoDetalle.php
2019.02.26 10:48 B C:\Users\redkey\Documents\Repositorios\Bela\Reportes\ConsultasReporteProductoDetalle.php --> www.bluewolf.com.mx /public_html/bela/Reportes ConsultasReporteProductoDetalle.php
2019.02.26 10:48 B C:\Users\redkey\Documents\Repositorios\Bela\Reportes\ReporteProductosDetalle.php --> www.bluewolf.com.mx /public_html/bela/Reportes ReporteProductosDetalle.php
2019.02.26 10:49 B C:\Users\redkey\Documents\Repositorios\Bela\Reportes\ReporteProductosDetalle.php --> www.bluewolf.com.mx /public_html/bela/Reportes ReporteProductosDetalle.php
2019.02.26 10:50 B C:\Users\redkey\Documents\Repositorios\Bela\Reportes\ReporteProductosDetalle.php --> www.bluewolf.com.mx /public_html/bela/Reportes ReporteProductosDetalle.php
2019.02.26 10:50 B C:\Users\redkey\Documents\Repositorios\Bela\Reportes\ReporteProductosDetalle.php --> www.bluewolf.com.mx /public_html/bela/Reportes ReporteProductosDetalle.php
2019.02.26 10:51 B C:\Users\redkey\Documents\Repositorios\Bela\Reportes\ReporteProductosDetalle.php --> www.bluewolf.com.mx /public_html/bela/Reportes ReporteProductosDetalle.php
2019.02.26 10:51 B C:\Users\redkey\Documents\Repositorios\Bela\Reportes\ReporteProductosDetalle.php --> www.bluewolf.com.mx /public_html/bela/Reportes ReporteProductosDetalle.php
2019.02.26 16:15 B C:\Users\redkey\Documents\Repositorios\Bela\Reportes\ReporteProductosDetalle.php --> www.bluewolf.com.mx /public_html/bela/Reportes ReporteProductosDetalle.php
2019.02.26 16:16 B C:\Users\redkey\Documents\Repositorios\Bela\Reportes\ReporteProductosDetalle.php --> www.bluewolf.com.mx /public_html/bela/Reportes ReporteProductosDetalle.php
2019.02.26 16:16 B C:\Users\redkey\Documents\Repositorios\Bela\Reportes\ReporteProductosDetalle.php --> www.bluewolf.com.mx /public_html/bela/Reportes ReporteProductosDetalle.php
2019.02.26 16:17 B C:\Users\redkey\Documents\Repositorios\Bela\Reportes\ConsultasReporteProductoDetalle.php --> www.bluewolf.com.mx /public_html/bela/Reportes ConsultasReporteProductoDetalle.php
2019.02.26 16:17 B C:\Users\redkey\Documents\Repositorios\Bela\Reportes\ReporteProductosDetalle.php --> www.bluewolf.com.mx /public_html/bela/Reportes ReporteProductosDetalle.php
2019.02.26 16:21 B C:\Users\redkey\Documents\Repositorios\Bela\Reportes\ReporteProductosDetalle.php --> www.bluewolf.com.mx /public_html/bela/Reportes ReporteProductosDetalle.php
2019.02.26 16:24 B C:\Users\redkey\Documents\Repositorios\Bela\Reportes\ReporteProductosDetalle.php --> www.bluewolf.com.mx /public_html/bela/Reportes ReporteProductosDetalle.php
2019.02.26 16:26 B C:\Users\redkey\Documents\Repositorios\Bela\Reportes\ReporteProductosDetalle.php --> www.bluewolf.com.mx /public_html/bela/Reportes ReporteProductosDetalle.php
2019.02.26 16:27 B C:\Users\redkey\Documents\Repositorios\Bela\Reportes\ReporteProductosDetalle.php --> www.bluewolf.com.mx /public_html/bela/Reportes ReporteProductosDetalle.php
2019.02.26 16:28 B C:\Users\redkey\Documents\Repositorios\Bela\Reportes\ReporteProductosDetalle.php --> www.bluewolf.com.mx /public_html/bela/Reportes ReporteProductosDetalle.php
2019.02.26 16:35 B C:\Users\redkey\Documents\Repositorios\Bela\Reportes\ConsultasReporteProductoDetalle.php --> www.bluewolf.com.mx /public_html/bela/Reportes ConsultasReporteProductoDetalle.php
2019.02.26 16:35 B C:\Users\redkey\Documents\Repositorios\Bela\Reportes\ReporteProductosDetalle.php --> www.bluewolf.com.mx /public_html/bela/Reportes ReporteProductosDetalle.php
2019.02.26 16:39 B C:\Users\redkey\Documents\Repositorios\Bela\Reportes\ConsultasReporteProductoDetalle.php --> www.bluewolf.com.mx /public_html/bela/Reportes ConsultasReporteProductoDetalle.php
2019.02.26 16:39 B C:\Users\redkey\Documents\Repositorios\Bela\Reportes\ReporteProductosDetalle.php --> www.bluewolf.com.mx /public_html/bela/Reportes ReporteProductosDetalle.php
2019.02.26 16:40 B C:\Users\redkey\Documents\Repositorios\Bela\Reportes\ConsultasReporteProductoDetalle.php --> www.bluewolf.com.mx /public_html/bela/Reportes ConsultasReporteProductoDetalle.php
2019.02.27 11:20 B C:\Users\redkey\Documents\Repositorios\Bela\Reportes\ConsultasReporteProductoDetalle.php --> www.bluewolf.com.mx /public_html/bela/Reportes ConsultasReporteProductoDetalle.php
2019.02.27 11:20 B C:\Users\redkey\Documents\Repositorios\Bela\Reportes\ReporteProductosDetalle.php --> www.bluewolf.com.mx /public_html/bela/Reportes ReporteProductosDetalle.php
2019.02.27 11:22 B C:\Users\redkey\Documents\Repositorios\Bela\Reportes\ConsultasReporteProductoDetalle.php --> www.bluewolf.com.mx /public_html/bela/Reportes ConsultasReporteProductoDetalle.php
2019.02.27 11:27 B C:\Users\redkey\Documents\Repositorios\Bela\Reportes\ReporteProductosDetalle.php --> www.bluewolf.com.mx /public_html/bela/Reportes ReporteProductosDetalle.php
2019.02.27 11:28 B C:\Users\redkey\Documents\Repositorios\Bela\Reportes\ReporteProductosDetalle.php --> www.bluewolf.com.mx /public_html/bela/Reportes ReporteProductosDetalle.php
2019.02.27 11:29 B C:\Users\redkey\Documents\Repositorios\Bela\Reportes\ReporteProductosDetalle.php --> www.bluewolf.com.mx /public_html/bela/Reportes ReporteProductosDetalle.php
2019.02.27 11:30 B C:\Users\redkey\Documents\Repositorios\Bela\Reportes\ReporteProductosDetalle.php --> www.bluewolf.com.mx /public_html/bela/Reportes ReporteProductosDetalle.php
2019.02.27 11:36 B C:\Users\redkey\Documents\Repositorios\Bela\Reportes\ReporteProductosDetalle.php --> www.bluewolf.com.mx /public_html/bela/Reportes ReporteProductosDetalle.php
2019.02.27 11:37 B C:\Users\redkey\Documents\Repositorios\Bela\Reportes\ReporteProductosDetalle.php --> www.bluewolf.com.mx /public_html/bela/Reportes ReporteProductosDetalle.php
2019.02.27 11:39 B C:\Users\redkey\Documents\Repositorios\Bela\Reportes\ReporteProductosDetalle.php --> www.bluewolf.com.mx /public_html/bela/Reportes ReporteProductosDetalle.php
2019.02.27 11:41 B C:\Users\redkey\Documents\Repositorios\Bela\Reportes\ReporteProductosDetalle.php --> www.bluewolf.com.mx /public_html/bela/Reportes ReporteProductosDetalle.php
2019.02.27 11:42 B C:\Users\redkey\Documents\Repositorios\Bela\Reportes\ReporteProductosDetalle.php --> www.bluewolf.com.mx /public_html/bela/Reportes ReporteProductosDetalle.php
2019.02.27 11:47 B C:\Users\redkey\Documents\Repositorios\Bela\Reportes\ReporteProductosDetalle.php --> www.bluewolf.com.mx /public_html/bela/Reportes ReporteProductosDetalle.php
2019.02.27 11:47 B C:\Users\redkey\Documents\Repositorios\Bela\Reportes\ReporteProductosDetalle.php --> www.bluewolf.com.mx /public_html/bela/Reportes ReporteProductosDetalle.php
2019.02.27 11:48 B C:\Users\redkey\Documents\Repositorios\Bela\Reportes\ReporteProductosDetalle.php --> www.bluewolf.com.mx /public_html/bela/Reportes ReporteProductosDetalle.php
2019.02.27 12:01 B C:\Users\redkey\Documents\Repositorios\Bela\Reportes\ReporteProductosDetalle.php --> www.bluewolf.com.mx /public_html/bela/Reportes ReporteProductosDetalle.php
2019.02.27 12:02 B C:\Users\redkey\Documents\Repositorios\Bela\Reportes\ReporteProductosDetalle.php --> www.bluewolf.com.mx /public_html/bela/Reportes ReporteProductosDetalle.php
2019.02.27 12:04 B C:\Users\redkey\Documents\Repositorios\Bela\Reportes\ReporteProductosDetalle.php --> www.bluewolf.com.mx /public_html/bela/Reportes ReporteProductosDetalle.php
2019.02.27 12:05 B C:\Users\redkey\Documents\Repositorios\Bela\Reportes\ReporteProductosDetalle.php --> www.bluewolf.com.mx /public_html/bela/Reportes ReporteProductosDetalle.php
2019.02.27 12:07 B C:\Users\redkey\Documents\Repositorios\Bela\Reportes\ReporteProductosDetalle.php --> www.bluewolf.com.mx /public_html/bela/Reportes ReporteProductosDetalle.php
2019.02.27 12:07 B C:\Users\redkey\Documents\Repositorios\Bela\Reportes\ConsultasReporteProductoDetalle.php --> www.bluewolf.com.mx /public_html/bela/Reportes ConsultasReporteProductoDetalle.php
2019.02.27 12:07 B C:\Users\redkey\Documents\Repositorios\Bela\Reportes\ReporteProductosDetalle.php --> www.bluewolf.com.mx /public_html/bela/Reportes ReporteProductosDetalle.php
2019.02.27 12:08 B C:\Users\redkey\Documents\Repositorios\Bela\Reportes\ReporteProductosDetalle.php --> www.bluewolf.com.mx /public_html/bela/Reportes ReporteProductosDetalle.php
2019.02.27 12:08 B C:\Users\redkey\Documents\Repositorios\Bela\Reportes\ReporteProductosDetalle.php --> www.bluewolf.com.mx /public_html/bela/Reportes ReporteProductosDetalle.php
2019.02.27 12:09 B C:\Users\redkey\Documents\Repositorios\Bela\Reportes\ReporteProductosDetalle.php --> www.bluewolf.com.mx /public_html/bela/Reportes ReporteProductosDetalle.php
2019.02.27 12:09 B C:\Users\redkey\Documents\Repositorios\Bela\Reportes\ReporteProductosDetalle.php --> www.bluewolf.com.mx /public_html/bela/Reportes ReporteProductosDetalle.php
2019.02.27 12:09 B C:\Users\redkey\Documents\Repositorios\Bela\Reportes\ConsultasReporteProductoDetalle.php --> www.bluewolf.com.mx /public_html/bela/Reportes ConsultasReporteProductoDetalle.php
2019.02.27 12:11 B C:\Users\redkey\Documents\Repositorios\Bela\Reportes\ReporteProductosDetalle.php --> www.bluewolf.com.mx /public_html/bela/Reportes ReporteProductosDetalle.php
2019.02.27 12:13 B C:\Users\redkey\Documents\Repositorios\Bela\Reportes\ReporteProductosDetalle.php --> www.bluewolf.com.mx /public_html/bela/Reportes ReporteProductosDetalle.php
2019.02.27 12:13 B C:\Users\redkey\Documents\Repositorios\Bela\Reportes\WS_FTP.LOG --> www.bluewolf.com.mx /public_html/bela/Reportes WS_FTP.LOG
2019.02.27 12:13 B C:\Users\redkey\Documents\Repositorios\Bela\Reportes\ConsultasReporteProductoDetalle.php --> www.bluewolf.com.mx /public_html/bela/Reportes ConsultasReporteProductoDetalle.php
2019.02.27 12:14 B C:\Users\redkey\Documents\Repositorios\Bela\Reportes\ReporteProductosDetalle.php --> www.bluewolf.com.mx /public_html/bela/Reportes ReporteProductosDetalle.php
2019.02.27 12:15 B C:\Users\redkey\Documents\Repositorios\Bela\Reportes\ReporteProductosDetalle.php --> www.bluewolf.com.mx /public_html/bela/Reportes ReporteProductosDetalle.php
2019.02.27 12:16 B C:\Users\redkey\Documents\Repositorios\Bela\Reportes\ReporteProductosDetalle.php --> www.bluewolf.com.mx /public_html/bela/Reportes ReporteProductosDetalle.php
2019.02.27 12:17 B C:\Users\redkey\Documents\Repositorios\Bela\Reportes\ReporteProductosDetalle.php --> www.bluewolf.com.mx /public_html/bela/Reportes ReporteProductosDetalle.php
2019.02.27 12:20 B C:\Users\redkey\Documents\Repositorios\Bela\Reportes\ReporteProductosDetalle.php --> www.bluewolf.com.mx /public_html/bela/Reportes ReporteProductosDetalle.php
2019.02.27 12:20 B C:\Users\redkey\Documents\Repositorios\Bela\Reportes\ConsultasReporteProductoDetalle.php --> www.bluewolf.com.mx /public_html/bela/Reportes ConsultasReporteProductoDetalle.php
2019.02.27 12:26 B C:\Users\redkey\Documents\Repositorios\Bela\Reportes\ConsultasReporteProductoDetalle.php --> www.bluewolf.com.mx /public_html/bela/Reportes ConsultasReporteProductoDetalle.php
2019.02.27 12:26 B C:\Users\redkey\Documents\Repositorios\Bela\Reportes\ReporteProductosDetalle.php --> www.bluewolf.com.mx /public_html/bela/Reportes ReporteProductosDetalle.php
2019.02.27 12:27 B C:\Users\redkey\Documents\Repositorios\Bela\Reportes\ConsultasReporteProductoDetalle.php --> www.bluewolf.com.mx /public_html/bela/Reportes ConsultasReporteProductoDetalle.php
2019.02.27 12:27 B C:\Users\redkey\Documents\Repositorios\Bela\Reportes\ReporteProductosDetalle.php --> www.bluewolf.com.mx /public_html/bela/Reportes ReporteProductosDetalle.php
2019.02.27 12:28 B C:\Users\redkey\Documents\Repositorios\Bela\Reportes\ConsultasReporteProductoDetalle.php --> www.bluewolf.com.mx /public_html/bela/Reportes ConsultasReporteProductoDetalle.php
2019.02.27 12:39 B C:\Users\redkey\Documents\Repositorios\Bela\Reportes\ConsultasReporteProductoDetalle.php --> www.bluewolf.com.mx /public_html/bela/Reportes ConsultasReporteProductoDetalle.php
2019.02.27 12:39 B C:\Users\redkey\Documents\Repositorios\Bela\Reportes\ReporteProductosDetalle.php --> www.bluewolf.com.mx /public_html/bela/Reportes ReporteProductosDetalle.php
2019.02.27 12:41 B C:\Users\redkey\Documents\Repositorios\Bela\Reportes\ReporteProductosDetalle.php --> www.bluewolf.com.mx /public_html/bela/Reportes ReporteProductosDetalle.php
2019.02.27 12:42 B C:\Users\redkey\Documents\Repositorios\Bela\Reportes\ReporteProductosDetalle.php --> www.bluewolf.com.mx /public_html/bela/Reportes ReporteProductosDetalle.php
2019.02.27 12:42 B C:\Users\redkey\Documents\Repositorios\Bela\Reportes\ReporteProductosDetalle.php --> www.bluewolf.com.mx /public_html/bela/Reportes ReporteProductosDetalle.php
2019.02.27 12:49 B C:\Users\redkey\Documents\Repositorios\Bela\Reportes\ConsultasReporteProductoDetalle.php --> www.bluewolf.com.mx /public_html/bela/Reportes ConsultasReporteProductoDetalle.php
2019.02.27 12:49 B C:\Users\redkey\Documents\Repositorios\Bela\Reportes\ReporteProductosDetalle.php --> www.bluewolf.com.mx /public_html/bela/Reportes ReporteProductosDetalle.php
2019.02.27 12:53 B C:\Users\redkey\Documents\Repositorios\Bela\Reportes\ConsultasReporteProductoDetalle.php --> www.bluewolf.com.mx /public_html/bela/Reportes ConsultasReporteProductoDetalle.php
2019.02.27 12:53 B C:\Users\redkey\Documents\Repositorios\Bela\Reportes\ReporteProductosDetalle.php --> www.bluewolf.com.mx /public_html/bela/Reportes ReporteProductosDetalle.php
2019.02.27 12:58 B C:\Users\redkey\Documents\Repositorios\Bela\Reportes\ConsultasReporteProductoDetalle.php --> www.bluewolf.com.mx /public_html/bela/Reportes ConsultasReporteProductoDetalle.php
2019.02.27 12:58 B C:\Users\redkey\Documents\Repositorios\Bela\Reportes\ExportarProductoDetalle.php --> www.bluewolf.com.mx /public_html/bela/Reportes ExportarProductoDetalle.php
2019.02.27 12:58 B C:\Users\redkey\Documents\Repositorios\Bela\Reportes\ReporteProductosDetalle.php --> www.bluewolf.com.mx /public_html/bela/Reportes ReporteProductosDetalle.php
2019.02.27 13:04 B C:\Users\redkey\Documents\Repositorios\Bela\Reportes\ConsultasReporteProductoDetalle.php --> www.bluewolf.com.mx /public_html/bela/Reportes ConsultasReporteProductoDetalle.php
2019.02.27 13:04 B C:\Users\redkey\Documents\Repositorios\Bela\Reportes\ExportarProductoDetalle.php --> www.bluewolf.com.mx /public_html/bela/Reportes ExportarProductoDetalle.php
2019.02.27 13:04 B C:\Users\redkey\Documents\Repositorios\Bela\Reportes\ReporteProductosDetalle.php --> www.bluewolf.com.mx /public_html/bela/Reportes ReporteProductosDetalle.php
2019.02.27 13:06 B C:\Users\redkey\Documents\Repositorios\Bela\Reportes\ExportarProductoDetalle.php --> www.bluewolf.com.mx /public_html/bela/Reportes ExportarProductoDetalle.php
2019.02.27 13:07 B C:\Users\redkey\Documents\Repositorios\Bela\Reportes\ExportarProductoDetalle.php --> www.bluewolf.com.mx /public_html/bela/Reportes ExportarProductoDetalle.php
2019.02.27 13:09 B C:\Users\redkey\Documents\Repositorios\Bela\Reportes\ExportarProductoDetalle.php --> www.bluewolf.com.mx /public_html/bela/Reportes ExportarProductoDetalle.php
2019.02.27 13:10 B C:\Users\redkey\Documents\Repositorios\Bela\Reportes\ExportarProductoDetalle.php --> www.bluewolf.com.mx /public_html/bela/Reportes ExportarProductoDetalle.php
2019.02.27 13:12 B C:\Users\redkey\Documents\Repositorios\Bela\Reportes\ExportarProductoDetalle.php --> www.bluewolf.com.mx /public_html/bela/Reportes ExportarProductoDetalle.php
2019.08.19 16:57 B C:\Users\redkey\Documents\Repositorios\Bela\Reportes\ReporteProductosDetalle.php --> www.bluewolf.com.mx /public_html/bela/Reportes ReporteProductosDetalle.php
2019.08.19 16:59 B C:\Users\redkey\Documents\Repositorios\Bela\Reportes\ReporteProductosDetalle.php --> www.bluewolf.com.mx /public_html/bela/Reportes ReporteProductosDetalle.php
2019.08.19 16:59 B C:\Users\redkey\Documents\Repositorios\Bela\Reportes\ReporteProductosDetalle.php --> www.bluewolf.com.mx /public_html/bela/Reportes ReporteProductosDetalle.php
2019.08.19 17:00 B C:\Users\redkey\Documents\Repositorios\Bela\Reportes\ReporteProductosDetalle.php --> www.bluewolf.com.mx /public_html/bela/Reportes ReporteProductosDetalle.php
2019.08.19 17:00 B C:\Users\redkey\Documents\Repositorios\Bela\Reportes\ReporteProductosDetalle.php --> www.bluewolf.com.mx /public_html/bela/Reportes ReporteProductosDetalle.php
2019.08.19 17:01 B C:\Users\redkey\Documents\Repositorios\Bela\Reportes\ReporteProductosDetalle.php --> www.bluewolf.com.mx /public_html/bela/Reportes ReporteProductosDetalle.php
2019.08.19 17:02 B C:\Users\redkey\Documents\Repositorios\Bela\Reportes\ReporteProductosDetalle.php --> www.bluewolf.com.mx /public_html/bela/Reportes ReporteProductosDetalle.php
2019.08.19 17:06 B C:\Users\redkey\Documents\Repositorios\Bela\Reportes\ConsultasReporteProductoDetalle.php --> www.bluewolf.com.mx /public_html/bela/Reportes ConsultasReporteProductoDetalle.php
2019.08.19 17:06 B C:\Users\redkey\Documents\Repositorios\Bela\Reportes\ReporteProductosDetalle.php --> www.bluewolf.com.mx /public_html/bela/Reportes ReporteProductosDetalle.php
2019.08.19 17:09 B C:\Users\redkey\Documents\Repositorios\Bela\Reportes\ReporteProductosDetalle.php --> www.bluewolf.com.mx /public_html/bela/Reportes ReporteProductosDetalle.php
2019.08.20 10:17 B C:\Users\redkey\Documents\Repositorios\Bela\Reportes\ConsultasReporteProductoDetalle.php --> www.bluewolf.com.mx /public_html/bela/Reportes ConsultasReporteProductoDetalle.php
2019.08.20 10:31 B C:\Users\redkey\Documents\Repositorios\Bela\Reportes\ConsultasReporteProductoDetalle.php --> www.bluewolf.com.mx /public_html/bela/Reportes ConsultasReporteProductoDetalle.php
2019.08.20 10:35 B C:\Users\redkey\Documents\Repositorios\Bela\Reportes\ReporteProductosDetalle.php --> www.bluewolf.com.mx /public_html/bela/Reportes ReporteProductosDetalle.php
2019.08.20 10:36 B C:\Users\redkey\Documents\Repositorios\Bela\Reportes\ReporteProductosDetalle.php --> www.bluewolf.com.mx /public_html/bela/Reportes ReporteProductosDetalle.php
2019.08.20 10:38 B C:\Users\redkey\Documents\Repositorios\Bela\Reportes\ExportarProductoDetalle.php --> www.bluewolf.com.mx /public_html/bela/Reportes ExportarProductoDetalle.php
2019.08.20 10:39 B C:\Users\redkey\Documents\Repositorios\Bela\Reportes\ExportarProductoDetalle.php --> www.bluewolf.com.mx /public_html/bela/Reportes ExportarProductoDetalle.php
2019.08.20 10:46 B C:\Users\redkey\Documents\Repositorios\Bela\Reportes\ExportarProductoDetalle.php --> www.bluewolf.com.mx /public_html/bela/Reportes ExportarProductoDetalle.php
2019.08.20 11:59 B C:\Users\redkey\Documents\Repositorios\Bela\Reportes\ExportarProductoDetalle.php --> www.bluewolf.com.mx /public_html/bela/Reportes ExportarProductoDetalle.php
2019.08.20 12:35 B C:\Users\redkey\Documents\Repositorios\Bela\Reportes\ExportarProductoDetalle.php --> www.bluewolf.com.mx /public_html/bela/Reportes ExportarProductoDetalle.php
2019.08.20 12:36 B C:\Users\redkey\Documents\Repositorios\Bela\Reportes\ExportarProductoDetalle.php --> www.bluewolf.com.mx /public_html/bela/Reportes ExportarProductoDetalle.php
2019.08.20 12:36 B C:\Users\redkey\Documents\Repositorios\Bela\Reportes\ExportarProductoDetalle.php --> www.bluewolf.com.mx /public_html/bela/Reportes ExportarProductoDetalle.php
2019.08.20 12:48 B C:\Users\redkey\Documents\Repositorios\Bela\Reportes\ExportarProductoDetalle.php --> www.bluewolf.com.mx /public_html/bela/Reportes ExportarProductoDetalle.php
2019.08.20 12:50 B C:\Users\redkey\Documents\Repositorios\Bela\Reportes\ExportarProductoDetalle.php --> www.bluewolf.com.mx /public_html/bela/Reportes ExportarProductoDetalle.php
2019.08.20 12:51 B C:\Users\redkey\Documents\Repositorios\Bela\Reportes\ExportarProductoDetalle.php --> www.bluewolf.com.mx /public_html/bela/Reportes ExportarProductoDetalle.php
2019.08.20 12:54 B C:\Users\redkey\Documents\Repositorios\Bela\Reportes\ExportarProductoDetalle.php --> www.bluewolf.com.mx /public_html/bela/Reportes ExportarProductoDetalle.php
2019.08.20 12:55 B C:\Users\redkey\Documents\Repositorios\Bela\Reportes\ExportarProductoDetalle.php --> www.bluewolf.com.mx /public_html/bela/Reportes ExportarProductoDetalle.php
2019.08.20 12:57 B C:\Users\redkey\Documents\Repositorios\Bela\Reportes\ExportarProductoDetalle.php --> www.bluewolf.com.mx /public_html/bela/Reportes ExportarProductoDetalle.php
2019.08.20 13:00 B C:\Users\redkey\Documents\Repositorios\Bela\Reportes\ExportarProductoDetalle.php --> www.bluewolf.com.mx /public_html/bela/Reportes ExportarProductoDetalle.php
2019.08.20 13:01 B C:\Users\redkey\Documents\Repositorios\Bela\Reportes\ExportarProductoDetalle.php --> www.bluewolf.com.mx /public_html/bela/Reportes ExportarProductoDetalle.php
2019.08.20 13:02 B C:\Users\redkey\Documents\Repositorios\Bela\Reportes\ExportarProductoDetalle.php --> www.bluewolf.com.mx /public_html/bela/Reportes ExportarProductoDetalle.php
2019.08.20 13:04 B C:\Users\redkey\Documents\Repositorios\Bela\Reportes\ExportarProductoDetalle.php --> www.bluewolf.com.mx /public_html/bela/Reportes ExportarProductoDetalle.php
2019.08.20 13:05 B C:\Users\redkey\Documents\Repositorios\Bela\Reportes\ExportarProductoDetalle.php --> www.bluewolf.com.mx /public_html/bela/Reportes ExportarProductoDetalle.php
2019.08.20 13:05 B C:\Users\redkey\Documents\Repositorios\Bela\Reportes\ExportarProductoDetalle.php --> www.bluewolf.com.mx /public_html/bela/Reportes ExportarProductoDetalle.php
2019.08.20 13:07 B C:\Users\redkey\Documents\Repositorios\Bela\Reportes\ExportarProductoDetalle.php --> www.bluewolf.com.mx /public_html/bela/Reportes ExportarProductoDetalle.php
2019.08.20 13:08 B C:\Users\redkey\Documents\Repositorios\Bela\Reportes\ExportarProductoDetalle.php --> www.bluewolf.com.mx /public_html/bela/Reportes ExportarProductoDetalle.php
2019.08.20 13:10 B C:\Users\redkey\Documents\Repositorios\Bela\Reportes\ExportarProductoDetalle.php --> www.bluewolf.com.mx /public_html/bela/Reportes ExportarProductoDetalle.php
2019.08.20 13:10 B C:\Users\redkey\Documents\Repositorios\Bela\Reportes\ExportarProductoDetalle.php --> www.bluewolf.com.mx /public_html/bela/Reportes ExportarProductoDetalle.php
2019.08.20 13:11 B C:\Users\redkey\Documents\Repositorios\Bela\Reportes\ExportarProductoDetalle.php --> www.bluewolf.com.mx /public_html/bela/Reportes ExportarProductoDetalle.php
2019.08.20 13:11 B C:\Users\redkey\Documents\Repositorios\Bela\Reportes\ExportarProductoDetalle.php --> www.bluewolf.com.mx /public_html/bela/Reportes ExportarProductoDetalle.php
2019.08.20 13:11 B C:\Users\redkey\Documents\Repositorios\Bela\Reportes\ExportarProductoDetalle.php --> www.bluewolf.com.mx /public_html/bela/Reportes ExportarProductoDetalle.php
2019.08.20 13:12 B C:\Users\redkey\Documents\Repositorios\Bela\Reportes\ExportarProductoDetalle.php --> www.bluewolf.com.mx /public_html/bela/Reportes ExportarProductoDetalle.php
2019.08.20 13:12 B C:\Users\redkey\Documents\Repositorios\Bela\Reportes\ExportarProductoDetalle.php --> www.bluewolf.com.mx /public_html/bela/Reportes ExportarProductoDetalle.php
2019.08.20 13:15 B C:\Users\redkey\Documents\Repositorios\Bela\Reportes\ExportarProductoDetalle.php --> www.bluewolf.com.mx /public_html/bela/Reportes ExportarProductoDetalle.php
2019.08.20 13:18 B C:\Users\redkey\Documents\Repositorios\Bela\Reportes\ExportarProductoDetalle.php --> www.bluewolf.com.mx /public_html/bela/Reportes ExportarProductoDetalle.php
2019.08.20 13:19 B C:\Users\redkey\Documents\Repositorios\Bela\Reportes\ExportarProductoDetalle.php --> www.bluewolf.com.mx /public_html/bela/Reportes ExportarProductoDetalle.php
2019.08.20 13:19 B C:\Users\redkey\Documents\Repositorios\Bela\Reportes\ExportarProductoDetalle.php --> www.bluewolf.com.mx /public_html/bela/Reportes ExportarProductoDetalle.php
2019.08.20 13:20 B C:\Users\redkey\Documents\Repositorios\Bela\Reportes\ExportarProductoDetalle.php --> www.bluewolf.com.mx /public_html/bela/Reportes ExportarProductoDetalle.php
2019.08.20 13:21 B C:\Users\redkey\Documents\Repositorios\Bela\Reportes\ExportarProductoDetalle.php --> www.bluewolf.com.mx /public_html/bela/Reportes ExportarProductoDetalle.php
2019.08.20 13:23 B C:\Users\redkey\Documents\Repositorios\Bela\Reportes\ExportarProductoDetalle.php --> www.bluewolf.com.mx /public_html/bela/Reportes ExportarProductoDetalle.php
2019.08.20 14:36 B C:\Users\redkey\Documents\Repositorios\Bela\Reportes\ExportarProductoDetalle.php --> www.bluewolf.com.mx /public_html/bela/Reportes ExportarProductoDetalle.php
2019.08.20 14:37 B C:\Users\redkey\Documents\Repositorios\Bela\Reportes\ExportarProductoDetalle.php --> www.bluewolf.com.mx /public_html/bela/Reportes ExportarProductoDetalle.php
2019.08.20 14:46 B C:\Users\redkey\Documents\Repositorios\Bela\Reportes\ExportarProductoDetalle.php --> www.bluewolf.com.mx /public_html/bela/Reportes ExportarProductoDetalle.php
2019.08.20 14:47 B C:\Users\redkey\Documents\Repositorios\Bela\Reportes\ExportarProductoDetalle.php --> www.bluewolf.com.mx /public_html/bela/Reportes ExportarProductoDetalle.php
2019.08.20 14:48 B C:\Users\redkey\Documents\Repositorios\Bela\Reportes\ExportarProductoDetalle.php --> www.bluewolf.com.mx /public_html/bela/Reportes ExportarProductoDetalle.php
2019.08.20 14:49 B C:\Users\redkey\Documents\Repositorios\Bela\Reportes\ExportarProductoDetalle.php --> www.bluewolf.com.mx /public_html/bela/Reportes ExportarProductoDetalle.php
2019.08.20 14:50 B C:\Users\redkey\Documents\Repositorios\Bela\Reportes\ExportarProductoDetalle.php --> www.bluewolf.com.mx /public_html/bela/Reportes ExportarProductoDetalle.php
2019.08.20 14:51 B C:\Users\redkey\Documents\Repositorios\Bela\Reportes\ExportarProductoDetalle.php --> www.bluewolf.com.mx /public_html/bela/Reportes ExportarProductoDetalle.php
2019.08.20 14:51 B C:\Users\redkey\Documents\Repositorios\Bela\Reportes\ExportarProductoDetalle.php --> www.bluewolf.com.mx /public_html/bela/Reportes ExportarProductoDetalle.php
2019.08.20 14:52 B C:\Users\redkey\Documents\Repositorios\Bela\Reportes\ExportarProductoDetalle.php --> www.bluewolf.com.mx /public_html/bela/Reportes ExportarProductoDetalle.php
2019.08.20 15:09 B C:\Users\redkey\Documents\Repositorios\Bela\Reportes\ExportarProductoDetalle.php --> www.bluewolf.com.mx /public_html/bela/Reportes ExportarProductoDetalle.php
2019.08.20 15:09 B C:\Users\redkey\Documents\Repositorios\Bela\Reportes\ExportarProductoDetalle.php --> www.bluewolf.com.mx /public_html/bela/Reportes ExportarProductoDetalle.php
2019.08.20 15:20 B C:\Users\redkey\Documents\Repositorios\Bela\Reportes\ExportarProductoDetalle.php --> www.bluewolf.com.mx /public_html/bela/Reportes ExportarProductoDetalle.php
2019.08.20 15:22 B C:\Users\redkey\Documents\Repositorios\Bela\Reportes\ExportarProductoDetalle.php --> www.bluewolf.com.mx /public_html/bela/Reportes ExportarProductoDetalle.php
2019.08.20 15:23 B C:\Users\redkey\Documents\Repositorios\Bela\Reportes\ExportarProductoDetalle.php --> www.bluewolf.com.mx /public_html/bela/Reportes ExportarProductoDetalle.php
2019.08.20 15:24 B C:\Users\redkey\Documents\Repositorios\Bela\Reportes\ExportarProductoDetalle.php --> www.bluewolf.com.mx /public_html/bela/Reportes ExportarProductoDetalle.php
2019.08.20 15:24 B C:\Users\redkey\Documents\Repositorios\Bela\Reportes\ExportarProductoDetalle.php --> www.bluewolf.com.mx /public_html/bela/Reportes ExportarProductoDetalle.php
2019.08.20 15:24 B C:\Users\redkey\Documents\Repositorios\Bela\Reportes\ReporteProductosDetalle.php --> www.bluewolf.com.mx /public_html/bela/Reportes ReporteProductosDetalle.php
2019.08.20 15:24 B C:\Users\redkey\Documents\Repositorios\Bela\Reportes\ConsultasReporteProductoDetalle.php --> www.bluewolf.com.mx /public_html/bela/Reportes ConsultasReporteProductoDetalle.php
2019.08.20 15:25 B C:\Users\redkey\Documents\Repositorios\Bela\Reportes\ExportarProductoDetalle.php --> www.bluewolf.com.mx /public_html/bela/Reportes ExportarProductoDetalle.php
2019.08.20 15:25 B C:\Users\redkey\Documents\Repositorios\Bela\Reportes\ExportarProductoDetalle.php --> www.bluewolf.com.mx /public_html/bela/Reportes ExportarProductoDetalle.php
2019.08.20 15:32 B C:\Users\redkey\Documents\Repositorios\Bela\Reportes\ExportarProductoDetalle.php --> www.bluewolf.com.mx /public_html/bela/Reportes ExportarProductoDetalle.php
2019.08.20 15:32 B C:\Users\redkey\Documents\Repositorios\Bela\Reportes\ExportarProductoDetalle.php --> www.bluewolf.com.mx /public_html/bela/Reportes ExportarProductoDetalle.php
2019.08.20 15:35 B C:\Users\redkey\Documents\Repositorios\Bela\Reportes\ExportarProductoDetalle.php --> www.bluewolf.com.mx /public_html/bela/Reportes ExportarProductoDetalle.php
2019.08.20 15:36 B C:\Users\redkey\Documents\Repositorios\Bela\Reportes\ExportarProductoDetalle.php --> www.bluewolf.com.mx /public_html/bela/Reportes ExportarProductoDetalle.php
2019.08.20 15:36 B C:\Users\redkey\Documents\Repositorios\Bela\Reportes\ExportarProductoDetalle.php --> www.bluewolf.com.mx /public_html/bela/Reportes ExportarProductoDetalle.php
2019.08.20 15:37 B C:\Users\redkey\Documents\Repositorios\Bela\Reportes\ExportarProductoDetalle.php --> www.bluewolf.com.mx /public_html/bela/Reportes ExportarProductoDetalle.php
2019.08.20 15:38 B C:\Users\redkey\Documents\Repositorios\Bela\Reportes\ExportarProductoDetalle.php --> www.bluewolf.com.mx /public_html/bela/Reportes ExportarProductoDetalle.php
2019.08.20 15:39 B C:\Users\redkey\Documents\Repositorios\Bela\Reportes\ExportarProductoDetalle.php --> www.bluewolf.com.mx /public_html/bela/Reportes ExportarProductoDetalle.php
2019.08.20 15:40 B C:\Users\redkey\Documents\Repositorios\Bela\Reportes\ExportarProductoDetalle.php --> www.bluewolf.com.mx /public_html/bela/Reportes ExportarProductoDetalle.php
